\BOOKMARK [0][-]{MUTESCHAPTER.1.0}{\376\377\000A\000g\000r\000a\000d\000e\000c\000i\000m\000e\000n\000t\000o\000s}{}% 1
\BOOKMARK [0][-]{MUTESCHAPTER.2.0}{\376\377\000R\000e\000s\000u\000m\000o}{}% 2
\BOOKMARK [0][-]{MUTESCHAPTER.3.0}{\376\377\000A\000b\000s\000t\000r\000a\000c\000t}{}% 3
\BOOKMARK [0][-]{MUTESCHAPTER.4.0}{\376\377\000L\000i\000s\000t\000a\000\040\000d\000e\000\040\000A\000b\000r\000e\000v\000i\000a\000t\000u\000r\000a\000s\000\040\000e\000\040\000S\000i\000g\000l\000a\000s}{}% 4
\BOOKMARK [0][-]{MUTESCHAPTER.5.0}{\376\377\000L\000i\000s\000t\000a\000\040\000d\000e\000\040\000F\000i\000g\000u\000r\000a\000s}{}% 5
\BOOKMARK [0][-]{MUTESCHAPTER.6.0}{\376\377\000L\000i\000s\000t\000a\000\040\000d\000e\000\040\000T\000a\000b\000e\000l\000a\000s}{}% 6
\BOOKMARK [0][-]{MUTESCHAPTER.7.0}{\376\377\000S\000u\000m\000\341\000r\000i\000o}{}% 7
\BOOKMARK [0][-]{CHAPTER.1}{\376\377\0001\000\040\000I\000n\000t\000r\000o\000d\000u\000\347\000\343\000o}{}% 8
\BOOKMARK [0][-]{CHAPTER.2}{\376\377\0002\000\040\000F\000u\000n\000d\000a\000m\000e\000n\000t\000a\000\347\000\343\000o\000\040\000T\000e\000\363\000r\000i\000c\000a}{}% 9
\BOOKMARK [1][-]{section.2.1}{\376\377\0002\000.\0001\000\040\000C\000o\000n\000f\000i\000g\000u\000r\000a\000\347\000\343\000o\000\040\000d\000o\000\040\000a\000m\000b\000i\000e\000n\000t\000e\000\040\000d\000e\000\040\000d\000e\000s\000e\000n\000v\000o\000l\000v\000i\000m\000e\000n\000t\000o}{CHAPTER.2}% 10
\BOOKMARK [1][-]{section.2.2}{\376\377\0002\000.\0002\000\040\000E\000x\000p\000l\000i\000c\000a\000n\000d\000o\000\040\000o\000s\000\040\000d\000a\000d\000o\000s}{CHAPTER.2}% 11
\BOOKMARK [2][-]{subsection.2.2.1}{\376\377\0002\000.\0002\000.\0001\000\040\000O\000r\000i\000g\000e\000m\000\040\000d\000o\000s\000\040\000d\000a\000d\000o\000s}{section.2.2}% 12
\BOOKMARK [2][-]{subsection.2.2.2}{\376\377\0002\000.\0002\000.\0002\000\040\000A\000r\000q\000u\000i\000v\000o\000s}{section.2.2}% 13
\BOOKMARK [2][-]{subsection.2.2.3}{\376\377\0002\000.\0002\000.\0003\000\040\000D\000e\000t\000a\000l\000h\000a\000m\000e\000n\000t\000o\000\040\000d\000o\000s\000\040\000c\000a\000m\000p\000o\000s}{section.2.2}% 14
\BOOKMARK [3][-]{subsubsection.2.2.3.1}{\376\377\0002\000.\0002\000.\0003\000.\0001\000\040\000A\000r\000q\000u\000i\000v\000o\000s\000\040\000p\000o\000r\000\040\000o\000c\000o\000r\000r\000\352\000n\000c\000i\000a}{subsection.2.2.3}% 15
\BOOKMARK [3][-]{subsubsection.2.2.3.2}{\376\377\0002\000.\0002\000.\0003\000.\0002\000\040\000A\000r\000q\000u\000i\000v\000o\000s\000\040\000p\000o\000r\000\040\000P\000e\000s\000s\000o\000a}{subsection.2.2.3}% 16
\BOOKMARK [3][-]{subsubsection.2.2.3.3}{\376\377\0002\000.\0002\000.\0003\000.\0003\000\040\000A\000r\000q\000u\000i\000v\000o\000s\000\040\000p\000o\000r\000\040\000P\000e\000s\000s\000o\000a\000\040\000-\000\040\000T\000o\000d\000a\000s\000\040\000a\000s\000\040\000c\000a\000u\000s\000a\000s\000\040\000e\000\040\000t\000i\000p\000o\000s\000\040\000d\000e\000\040\000a\000c\000i\000d\000e\000n\000t\000e\000s}{subsection.2.2.3}% 17
\BOOKMARK [1][-]{section.2.3}{\376\377\0002\000.\0003\000\040\000G\000e\000r\000a\000n\000d\000o\000\040\000o\000s\000\040\000g\000r\000\341\000f\000i\000c\000o\000s\000\040\000c\000o\000m\000\040\000V\000e\000g\000a\000-\000A\000l\000t\000a\000i\000r}{CHAPTER.2}% 18
\BOOKMARK [1][-]{section.2.4}{\376\377\0002\000.\0004\000\040\000G\000e\000r\000a\000n\000d\000o\000\040\000o\000\040\000p\000a\000i\000n\000e\000l\000\040\000c\000o\000m\000\040\000S\000t\000r\000e\000a\000m\000l\000i\000t}{CHAPTER.2}% 19
\BOOKMARK [1][-]{section.2.5}{\376\377\0002\000.\0005\000\040\000O\000r\000g\000a\000n\000i\000z\000a\000\347\000\343\000o\000\040\000d\000o\000\040\000p\000r\000o\000j\000e\000t\000o}{CHAPTER.2}% 20
\BOOKMARK [0][-]{CHAPTER.3}{\376\377\0003\000\040\000A\000n\000\341\000l\000i\000s\000e\000\040\000V\000i\000s\000u\000a\000l\000\040\000d\000o\000s\000\040\000D\000a\000d\000o\000s\000\040\000d\000e\000\040\000A\000c\000i\000d\000e\000n\000t\000e\000s}{}% 21
\BOOKMARK [1][-]{section.3.1}{\376\377\0003\000.\0001\000\040\000E\000x\000p\000l\000i\000c\000a\000n\000d\000o\000\040\000o\000\040\000p\000a\000i\000n\000e\000l}{CHAPTER.3}% 22
\BOOKMARK [1][-]{section.3.2}{\376\377\0003\000.\0002\000\040\000S\000e\000l\000e\000\347\000\343\000o\000\040\000d\000e\000\040\000e\000s\000c\000o\000p\000o\000\040\000d\000a\000\040\000a\000n\000\341\000l\000i\000s\000e}{CHAPTER.3}% 23
\BOOKMARK [1][-]{section.3.3}{\376\377\0003\000.\0003\000\040\000P\000r\000\351\000-\000p\000r\000o\000c\000e\000s\000s\000a\000m\000e\000n\000t\000o\000\040\000e\000\040\000t\000r\000a\000n\000s\000f\000o\000r\000m\000a\000\347\000\365\000e\000s\000\040\000d\000o\000s\000\040\000d\000a\000d\000o\000s}{CHAPTER.3}% 24
\BOOKMARK [1][-]{section.3.4}{\376\377\0003\000.\0004\000\040\000T\000i\000p\000o\000s\000\040\000d\000e\000\040\000v\000i\000s\000u\000a\000l\000i\000z\000a\000\347\000\365\000e\000s\000\040\000u\000t\000i\000l\000i\000z\000a\000d\000a\000s}{CHAPTER.3}% 25
\BOOKMARK [1][-]{section.3.5}{\376\377\0003\000.\0005\000\040\000M\000\351\000t\000o\000d\000o\000s\000\040\000d\000e\000\040\000a\000n\000\341\000l\000i\000s\000e}{CHAPTER.3}% 26
\BOOKMARK [0][-]{CHAPTER.4}{\376\377\0004\000\040\000R\000e\000s\000u\000l\000t\000a\000d\000o\000s}{}% 27
\BOOKMARK [1][-]{section.4.1}{\376\377\0004\000.\0001\000\040\000R\000e\000c\000u\000r\000s\000o\000s\000\040\000u\000t\000i\000l\000i\000z\000a\000d\000o\000s}{CHAPTER.4}% 28
\BOOKMARK [1][-]{section.4.2}{\376\377\0004\000.\0002\000\040\000A\000n\000\341\000l\000i\000s\000e\000s\000\040\000e\000\040\000d\000e\000s\000c\000o\000b\000e\000r\000t\000a\000s}{CHAPTER.4}% 29
\BOOKMARK [0][-]{CHAPTER.5}{\376\377\0005\000\040\000C\000o\000n\000c\000l\000u\000s\000\343\000o}{}% 30
\BOOKMARK [1][-]{section.5.1}{\376\377\0005\000.\0001\000\040\000C\000o\000n\000t\000r\000i\000b\000u\000i\000\347\000\365\000e\000s}{CHAPTER.5}% 31
\BOOKMARK [1][-]{section.5.2}{\376\377\0005\000.\0002\000\040\000T\000r\000a\000b\000a\000l\000h\000o\000s\000\040\000F\000u\000t\000u\000r\000o\000s}{CHAPTER.5}% 32
\BOOKMARK [0][-]{schapter.8}{\376\377\000R\000e\000f\000e\000r\000\352\000n\000c\000i\000a\000s}{}% 33
