This is pdfTeX, Version 3.141592653-2.6-1.40.22 (TeX Live 2022/dev/Debian) (preloaded format=pdflatex 2024.12.3)  3 DEC 2024 17:54
entering extended mode
 restricted \write18 enabled.
 file:line:error style messages enabled.
 %&-line parsing enabled.
**/home/s037958714/workspaces/worspace-tcc/tcc-2024-escrita/texto.tex
(/home/s037958714/workspaces/worspace-tcc/tcc-2024-escrita/texto.tex
LaTeX2e <2021-11-15> patch level 1
L3 programming layer <2022-01-21> (./iiufrgs.cls
Document Class: iiufrgs 2010/08/13 v4.4.0 Formatacao de documentos para o II/UFRGS
(/usr/share/texlive/texmf-dist/tex/latex/base/report.cls
Document Class: report 2021/10/04 v1.4n Standard LaTeX document class
(/usr/share/texlive/texmf-dist/tex/latex/base/size12.clo
File: size12.clo 2021/10/04 v1.4n Standard LaTeX file (size option)
)
\c@part=\count185
\c@chapter=\count186
\c@section=\count187
\c@subsection=\count188
\c@subsubsection=\count189
\c@paragraph=\count190
\c@subparagraph=\count191
\c@figure=\count192
\c@table=\count193
\abovecaptionskip=\skip47
\belowcaptionskip=\skip48
\bibindent=\dimen138
) (/usr/share/texlive/texmf-dist/tex/latex/tools/xspace.sty
Package: xspace 2014/10/28 v1.13 Space after command names (DPC,MH)
) (/usr/share/texlive/texmf-dist/tex/latex/graphics/keyval.sty
Package: keyval 2014/10/28 v1.15 key=value parser (DPC)
\KV@toks@=\toks16
) (/usr/share/texlive/texmf-dist/tex/latex/base/fixltx2e.sty
Package: fixltx2e 2016/12/29 v2.1a fixes to LaTeX (obsolete)
Applying: [2015/01/01] Old fixltx2e package on input line 46.


Package fixltx2e Warning: fixltx2e is not required with releases after 2015
(fixltx2e)                All fixes are now in the LaTeX kernel.
(fixltx2e)                See the latexrelease package for details.

Already applied: [0000/00/00] Old fixltx2e package on input line 53.
) (/usr/share/texlive/texmf-dist/tex/generic/babel/babel.sty
Package: babel 2022/01/26 3.70 The Babel package
\babel@savecnt=\count194
\U@D=\dimen139
\l@unhyphenated=\language87
 (/usr/share/texlive/texmf-dist/tex/generic/babel/txtbabel.def)
\bbl@readstream=\read2
\bbl@dirlevel=\count195
 (/usr/share/texlive/texmf-dist/tex/generic/babel-english/english.ldf
Language: english 2017/06/06 v3.3r English support from the babel system
Package babel Info: Hyphen rules for 'canadian' set to \l@english
(babel)             (\language0). Reported on input line 102.
Package babel Info: Hyphen rules for 'australian' set to \l@ukenglish
(babel)             (\language82). Reported on input line 105.
Package babel Info: Hyphen rules for 'newzealand' set to \l@ukenglish
(babel)             (\language82). Reported on input line 108.
) (/usr/share/texlive/texmf-dist/tex/generic/babel-portuges/brazilian.ldf
Language: portuges 2021/07/09 v1.2t Portuguese support from the babel system
Package babel Info: Hyphen rules for 'brazilian' set to \l@portuguese
(babel)             (\language67). Reported on input line 111.
Package babel Info: Making " an active character on input line 143.
)) (./brazilian.babel) (./english.babel) (/usr/share/texlive/texmf-dist/tex/latex/lastpage/lastpage.sty
Package: lastpage 2021/09/03 v1.2n Refers to last page's name (HMM; JPG)
) (/usr/share/texlive/texmf-dist/tex/latex/tools/indentfirst.sty
Package: indentfirst 1995/11/23 v1.03 Indent first paragraph (DPC)
) (./iidefs.sty
Package: iidefs 
 (/usr/share/texlive/texmf-dist/tex/latex/graphics/graphicx.sty
Package: graphicx 2021/09/16 v1.2d Enhanced LaTeX Graphics (DPC,SPQR)
 (/usr/share/texlive/texmf-dist/tex/latex/graphics/graphics.sty
Package: graphics 2021/03/04 v1.4d Standard LaTeX Graphics (DPC,SPQR)
 (/usr/share/texlive/texmf-dist/tex/latex/graphics/trig.sty
Package: trig 2021/08/11 v1.11 sin cos tan (DPC)
) (/usr/share/texlive/texmf-dist/tex/latex/graphics-cfg/graphics.cfg
File: graphics.cfg 2016/06/04 v1.11 sample graphics configuration
)
Package graphics Info: Driver file: pdftex.def on input line 107.
 (/usr/share/texlive/texmf-dist/tex/latex/graphics-def/pdftex.def
File: pdftex.def 2020/10/05 v1.2a Graphics/color driver for pdftex
))
\Gin@req@height=\dimen140
\Gin@req@width=\dimen141
)) (/usr/share/texlive/texmf-dist/tex/latex/setspace/setspace.sty
Package: setspace 2011/12/19 v6.7a set line spacing
) (/usr/share/texlive/texmf-dist/tex/latex/ccaption/ccaption.sty
Package: ccaption 2011/08/07 v3.2c Extended captioning and new floats
\@contcwidth=\skip49
\@contindw=\skip50
\abovelegendskip=\skip51
\belowlegendskip=\skip52
\c@newflo@tctr=\count196
) (/usr/share/texlive/texmf-dist/tex/latex/titlesec/titlesec.sty
Package: titlesec 2021/07/05 v2.14 Sectioning titles
\ttl@box=\box50
\beforetitleunit=\skip53
\aftertitleunit=\skip54
\ttl@plus=\dimen142
\ttl@minus=\dimen143
\ttl@toksa=\toks17
\titlewidth=\dimen144
\titlewidthlast=\dimen145
\titlewidthfirst=\dimen146
) (/usr/share/texlive/texmf-dist/tex/latex/fancyhdr/fancyhdr.sty
Package: fancyhdr 2021/01/28 v4.0.1 Extensive control of page headers and footers
\f@nch@headwidth=\skip55
\f@nch@O@elh=\skip56
\f@nch@O@erh=\skip57
\f@nch@O@olh=\skip58
\f@nch@O@orh=\skip59
\f@nch@O@elf=\skip60
\f@nch@O@erf=\skip61
\f@nch@O@olf=\skip62
\f@nch@O@orf=\skip63
) (/usr/share/texlive/texmf-dist/tex/latex/xcolor/xcolor.sty
Package: xcolor 2021/10/31 v2.13 LaTeX color extensions (UK)
 (/usr/share/texlive/texmf-dist/tex/latex/graphics-cfg/color.cfg
File: color.cfg 2016/01/02 v1.6 sample color configuration
)
Package xcolor Info: Package option `usenames' ignored on input line 218.
Package xcolor Info: Driver file: pdftex.def on input line 227.
 (/usr/share/texlive/texmf-dist/tex/latex/colortbl/colortbl.sty
Package: colortbl 2020/01/04 v1.0e Color table columns (DPC)
 (/usr/share/texlive/texmf-dist/tex/latex/tools/array.sty
Package: array 2021/10/04 v2.5f Tabular extension package (FMi)
\col@sep=\dimen147
\ar@mcellbox=\box51
\extrarowheight=\dimen148
\NC@list=\toks18
\extratabsurround=\skip64
\backup@length=\skip65
\ar@cellbox=\box52
)
\everycr=\toks19
\minrowclearance=\skip66
)
\rownum=\count197
Package xcolor Info: Model `cmy' substituted by `cmy0' on input line 1352.
Package xcolor Info: Model `hsb' substituted by `rgb' on input line 1356.
Package xcolor Info: Model `RGB' extended on input line 1368.
Package xcolor Info: Model `HTML' substituted by `rgb' on input line 1370.
Package xcolor Info: Model `Hsb' substituted by `hsb' on input line 1371.
Package xcolor Info: Model `tHsb' substituted by `hsb' on input line 1372.
Package xcolor Info: Model `HSB' substituted by `hsb' on input line 1373.
Package xcolor Info: Model `Gray' substituted by `gray' on input line 1374.
Package xcolor Info: Model `wave' substituted by `hsb' on input line 1375.
 (/usr/share/texlive/texmf-dist/tex/latex/graphics/dvipsnam.def
File: dvipsnam.def 2016/06/17 v3.0m Driver-dependent file (DPC,SPQR)
) (/usr/share/texlive/texmf-dist/tex/latex/xcolor/svgnam.def
File: svgnam.def 2021/10/31 v2.13 Predefined colors according to SVG 1.1 (UK)
)) (./tocstyle.sty
Package: tocstyle 2009/11/09 v0.2d-alpha LaTeX2e KOMA-Script package (versatile toc styles)


Package tocstyle Warning: THIS IS AN ALPHA VERSION!
(tocstyle)                USAGE OF THIS VERSION IS ON YOUR OWN RISK!
(tocstyle)                EVERYTHING MAY HAPPEN!
(tocstyle)                EVERYTHING MAY CHANGE IN FUTURE!
(tocstyle)                THERE IS NO SUPPORT, IF YOU USE THIS PACKAGE!
(tocstyle)                Maybe it would be better, not to load this package.

\tocstyle@indentstyle=\count198
Package tocstyle Info: no tocstyle.cfg found on input line 838.
)
exclude: 
exclude: 
exclude: 
exclude: 
exclude: 
(/usr/share/texlive/texmf-dist/tex/latex/hyperref/hyperref.sty
Package: hyperref 2021-06-07 v7.00m Hypertext links for LaTeX
 (/usr/share/texlive/texmf-dist/tex/generic/ltxcmds/ltxcmds.sty
Package: ltxcmds 2020-05-10 v1.25 LaTeX kernel commands for general use (HO)
) (/usr/share/texlive/texmf-dist/tex/generic/iftex/iftex.sty
Package: iftex 2020/03/06 v1.0d TeX engine tests
) (/usr/share/texlive/texmf-dist/tex/generic/pdftexcmds/pdftexcmds.sty
Package: pdftexcmds 2020-06-27 v0.33 Utility functions of pdfTeX for LuaTeX (HO)
 (/usr/share/texlive/texmf-dist/tex/generic/infwarerr/infwarerr.sty
Package: infwarerr 2019/12/03 v1.5 Providing info/warning/error messages (HO)
)
Package pdftexcmds Info: \pdf@primitive is available.
Package pdftexcmds Info: \pdf@ifprimitive is available.
Package pdftexcmds Info: \pdfdraftmode found.
) (/usr/share/texlive/texmf-dist/tex/generic/kvsetkeys/kvsetkeys.sty
Package: kvsetkeys 2019/12/15 v1.18 Key value parser (HO)
) (/usr/share/texlive/texmf-dist/tex/generic/kvdefinekeys/kvdefinekeys.sty
Package: kvdefinekeys 2019-12-19 v1.6 Define keys (HO)
) (/usr/share/texlive/texmf-dist/tex/generic/pdfescape/pdfescape.sty
Package: pdfescape 2019/12/09 v1.15 Implements pdfTeX's escape features (HO)
) (/usr/share/texlive/texmf-dist/tex/latex/hycolor/hycolor.sty
Package: hycolor 2020-01-27 v1.10 Color options for hyperref/bookmark (HO)
) (/usr/share/texlive/texmf-dist/tex/latex/letltxmacro/letltxmacro.sty
Package: letltxmacro 2019/12/03 v1.6 Let assignment for LaTeX macros (HO)
) (/usr/share/texlive/texmf-dist/tex/latex/auxhook/auxhook.sty
Package: auxhook 2019-12-17 v1.6 Hooks for auxiliary files (HO)
) (/usr/share/texlive/texmf-dist/tex/latex/kvoptions/kvoptions.sty
Package: kvoptions 2020-10-07 v3.14 Key value format for package options (HO)
)
\@linkdim=\dimen149
\Hy@linkcounter=\count199
\Hy@pagecounter=\count266
 (/usr/share/texlive/texmf-dist/tex/latex/hyperref/pd1enc.def
File: pd1enc.def 2021-06-07 v7.00m Hyperref: PDFDocEncoding definition (HO)
Now handling font encoding PD1 ...
... no UTF-8 mapping file for font encoding PD1
) (/usr/share/texlive/texmf-dist/tex/latex/hyperref/hyperref-langpatches.def
File: hyperref-langpatches.def 2021-06-07 v7.00m Hyperref: patches for babel languages
) (/usr/share/texlive/texmf-dist/tex/generic/intcalc/intcalc.sty
Package: intcalc 2019/12/15 v1.3 Expandable calculations with integers (HO)
) (/usr/share/texlive/texmf-dist/tex/generic/etexcmds/etexcmds.sty
Package: etexcmds 2019/12/15 v1.7 Avoid name clashes with e-TeX commands (HO)
)
\Hy@SavedSpaceFactor=\count267
 (/usr/share/texlive/texmf-dist/tex/latex/hyperref/puenc.def
File: puenc.def 2021-06-07 v7.00m Hyperref: PDF Unicode definition (HO)
Now handling font encoding PU ...
... no UTF-8 mapping file for font encoding PU
)
Package hyperref Info: Option `bookmarksnumbered' set `true' on input line 4073.
Package hyperref Info: Option `breaklinks' set `true' on input line 4073.
Package hyperref Info: Option `unicode' set `true' on input line 4073.
Package hyperref Info: Option `colorlinks' set `true' on input line 4073.
Package hyperref Info: Hyper figures OFF on input line 4192.
Package hyperref Info: Link nesting OFF on input line 4197.
Package hyperref Info: Hyper index ON on input line 4200.
Package hyperref Info: Plain pages OFF on input line 4207.
Package hyperref Info: Backreferencing OFF on input line 4212.
Package hyperref Info: Implicit mode ON; LaTeX internals redefined.
Package hyperref Info: Bookmarks ON on input line 4445.
\c@Hy@tempcnt=\count268
 (/usr/share/texlive/texmf-dist/tex/latex/url/url.sty
\Urlmuskip=\muskip16
Package: url 2013/09/16  ver 3.4  Verb mode for urls, etc.
)
LaTeX Info: Redefining \url on input line 4804.
\XeTeXLinkMargin=\dimen150
 (/usr/share/texlive/texmf-dist/tex/generic/bitset/bitset.sty
Package: bitset 2019/12/09 v1.3 Handle bit-vector datatype (HO)
 (/usr/share/texlive/texmf-dist/tex/generic/bigintcalc/bigintcalc.sty
Package: bigintcalc 2019/12/15 v1.5 Expandable calculations on big integers (HO)
))
\Fld@menulength=\count269
\Field@Width=\dimen151
\Fld@charsize=\dimen152
Package hyperref Info: Hyper figures OFF on input line 6076.
Package hyperref Info: Link nesting OFF on input line 6081.
Package hyperref Info: Hyper index ON on input line 6084.
Package hyperref Info: backreferencing OFF on input line 6091.
Package hyperref Info: Link coloring ON on input line 6094.
Package hyperref Info: Link coloring with OCG OFF on input line 6101.
Package hyperref Info: PDF/A mode OFF on input line 6106.
LaTeX Info: Redefining \ref on input line 6146.
LaTeX Info: Redefining \pageref on input line 6150.
 (/usr/share/texlive/texmf-dist/tex/latex/base/atbegshi-ltx.sty
Package: atbegshi-ltx 2021/01/10 v1.0c Emulation of the original atbegshi
package with kernel methods
)
\Hy@abspage=\count270
\c@Item=\count271
\c@Hfootnote=\count272
)
Package hyperref Info: Driver (autodetected): hpdftex.
 (/usr/share/texlive/texmf-dist/tex/latex/hyperref/hpdftex.def
File: hpdftex.def 2021-06-07 v7.00m Hyperref driver for pdfTeX
 (/usr/share/texlive/texmf-dist/tex/latex/base/atveryend-ltx.sty
Package: atveryend-ltx 2020/08/19 v1.0a Emulation of the original atveryend package
with kernel methods
)
\Fld@listcount=\count273
\c@bookmark@seq@number=\count274
 (/usr/share/texlive/texmf-dist/tex/latex/rerunfilecheck/rerunfilecheck.sty
Package: rerunfilecheck 2019/12/05 v1.9 Rerun checks for auxiliary files (HO)
 (/usr/share/texlive/texmf-dist/tex/generic/uniquecounter/uniquecounter.sty
Package: uniquecounter 2019/12/15 v1.4 Provide unlimited unique counter (HO)
)
Package uniquecounter Info: New unique counter `rerunfilecheck' on input line 286.
)
\Hy@SectionHShift=\skip67
) (/usr/share/texlive/texmf-dist/tex/latex/oberdiek/hypcap.sty
Package: hypcap 2016/05/16 v1.12 Adjusting the anchors of captions (HO)
) (/usr/share/texlive/texmf-dist/tex/latex/psnfss/times.sty
Package: times 2020/03/25 PSNFSS-v9.3 (SPQR) 
) (/usr/share/texlive/texmf-dist/tex/latex/base/fontenc.sty
Package: fontenc 2021/04/29 v2.0v Standard LaTeX package
LaTeX Font Info:    Trying to load font information for T1+ptm on input line 112.
 (/usr/share/texlive/texmf-dist/tex/latex/psnfss/t1ptm.fd
File: t1ptm.fd 2001/06/04 font definitions for T1/ptm.
)) (./abntex2cite.sty
Package: abntex2cite 2014/01/26 v1.9.2 abnTeX2
 (/usr/share/texlive/texmf-dist/tex/latex/base/ifthen.sty
Package: ifthen 2020/11/24 v1.1c Standard LaTeX ifthen package (DPC)
) (/usr/share/texlive/texmf-dist/tex/latex/tools/calc.sty
Package: calc 2017/05/25 v4.3 Infix arithmetic (KKT,FJ)
\calc@Acount=\count275
\calc@Bcount=\count276
\calc@Adimen=\dimen153
\calc@Bdimen=\dimen154
\calc@Askip=\skip68
\calc@Bskip=\skip69
LaTeX Info: Redefining \setlength on input line 80.
LaTeX Info: Redefining \addtolength on input line 81.
\calc@Ccount=\count277
\calc@Cskip=\skip70
) (./abntex2abrev.sty) (/usr/share/texlive/texmf-dist/tex/latex/l3packages/xparse/xparse.sty (/usr/share/texlive/texmf-dist/tex/latex/l3kernel/expl3.sty
Package: expl3 2022-01-21 L3 programming layer (loader) 
 (/usr/share/texlive/texmf-dist/tex/latex/l3backend/l3backend-pdftex.def
File: l3backend-pdftex.def 2022-01-12 L3 backend support: PDF output (pdfTeX)
\l__color_backend_stack_int=\count278
\l__pdf_internal_box=\box53
))
Package: xparse 2022-01-12 L3 Experimental document command parser
)
\minimumbiblabelwidth=\skip71
\ABCIauxlen=\skip72
\c@ABCIaux=\count279
\c@ABCImax=\count280
 (/usr/share/texlive/texmf-dist/tex/generic/iftex/ifpdf.sty
Package: ifpdf 2019/10/25 v3.4 ifpdf legacy package. Use iftex instead.
) (/usr/share/texlive/texmf-dist/tex/generic/iftex/ifxetex.sty
Package: ifxetex 2019/10/25 v0.7 ifxetex legacy package. Use iftex instead.
) (/usr/share/texlive/texmf-dist/tex/latex/relsize/relsize.sty
Package: relsize 2013/03/29 ver 4.1
)
\biblabelsep=\skip73
LaTeX Info: Redefining \newblock on input line 679.
\ABCItoken=\toks20
) (/usr/share/texlive/texmf-dist/tex/latex/geometry/geometry.sty
Package: geometry 2020/01/02 v5.9 Page Geometry
 (/usr/share/texlive/texmf-dist/tex/generic/iftex/ifvtex.sty
Package: ifvtex 2019/10/25 v1.7 ifvtex legacy package. Use iftex instead.
)
\Gm@cnth=\count281
\Gm@cntv=\count282
\c@Gm@tempcnt=\count283
\Gm@bindingoffset=\dimen155
\Gm@wd@mp=\dimen156
\Gm@odd@mp=\dimen157
\Gm@even@mp=\dimen158
\Gm@layoutwidth=\dimen159
\Gm@layoutheight=\dimen160
\Gm@layouthoffset=\dimen161
\Gm@layoutvoffset=\dimen162
\Gm@dimlist=\toks21
)
\c@ii@authorcount=\count284
\c@kwcounter=\count285
\titlepagewinwidth=\skip74
\titlepagewinheight=\skip75
\titlepagewinvoffset=\skip76
\dottedspace=\skip77
\c@schapter=\count286
 (/usr/share/texlive/texmf-dist/tex/latex/float/float.sty
Package: float 2001/11/08 v1.3d Float enhancements (AL)
\c@float@type=\count287
\float@exts=\toks22
\float@box=\box54
\@float@everytoks=\toks23
\@floatcapt=\box55
)
\@float@every@figure=\toks24
\@float@every@table=\toks25
) (./ppgc.def
File: ppgc.def 2014/04/12 Definições para o PPGC
) (./espec.def
File: espec.def 2014/10/14 Monografia de Especialização
) (./nominata.def) (/usr/share/texlive/texmf-dist/tex/latex/base/inputenc.sty
Package: inputenc 2021/02/14 v1.3d Input encoding file
\inpenc@prehook=\toks26
\inpenc@posthook=\toks27
) (/usr/share/texlive/texmf-dist/tex/latex/tools/longtable.sty
Package: longtable 2021-09-01 v4.17 Multi-page Table package (DPC)
\LTleft=\skip78
\LTright=\skip79
\LTpre=\skip80
\LTpost=\skip81
\LTchunksize=\count288
\LTcapwidth=\dimen163
\LT@head=\box56
\LT@firsthead=\box57
\LT@foot=\box58
\LT@lastfoot=\box59
\LT@gbox=\box60
\LT@cols=\count289
\LT@rows=\count290
\c@LT@tables=\count291
\c@LT@chunks=\count292
\LT@p@ftn=\toks28
) (./texto.aux

LaTeX Warning: Label `ch:intro' multiply defined.


LaTeX Warning: Label `fig:' multiply defined.


LaTeX Warning: Label `long' multiply defined.


LaTeX Warning: Label `fig:' multiply defined.


LaTeX Warning: Label `fig:' multiply defined.


LaTeX Warning: Label `ch:intro' multiply defined.


LaTeX Warning: Label `fig:cap03-filtro-por-uf' multiply defined.


LaTeX Warning: Label `ch:intro' multiply defined.


LaTeX Warning: Label `ch:intro' multiply defined.

)
\openout1 = `texto.aux'.

LaTeX Font Info:    Checking defaults for OML/cmm/m/it on input line 118.
LaTeX Font Info:    ... okay on input line 118.
LaTeX Font Info:    Checking defaults for OMS/cmsy/m/n on input line 118.
LaTeX Font Info:    ... okay on input line 118.
LaTeX Font Info:    Checking defaults for OT1/cmr/m/n on input line 118.
LaTeX Font Info:    ... okay on input line 118.
LaTeX Font Info:    Checking defaults for T1/cmr/m/n on input line 118.
LaTeX Font Info:    ... okay on input line 118.
LaTeX Font Info:    Checking defaults for TS1/cmr/m/n on input line 118.
LaTeX Font Info:    ... okay on input line 118.
LaTeX Font Info:    Checking defaults for OMX/cmex/m/n on input line 118.
LaTeX Font Info:    ... okay on input line 118.
LaTeX Font Info:    Checking defaults for U/cmr/m/n on input line 118.
LaTeX Font Info:    ... okay on input line 118.
LaTeX Font Info:    Checking defaults for PD1/pdf/m/n on input line 118.
LaTeX Font Info:    ... okay on input line 118.
LaTeX Font Info:    Checking defaults for PU/pdf/m/n on input line 118.
LaTeX Font Info:    ... okay on input line 118.
Package lastpage Info: Please have a look at the pageslts package at
(lastpage)             https://www.ctan.org/pkg/pageslts
(lastpage)             ! on input line 118.
 (/usr/share/texlive/texmf-dist/tex/context/base/mkii/supp-pdf.mkii
[Loading MPS to PDF converter (version 2006.09.02).]
\scratchcounter=\count293
\scratchdimen=\dimen164
\scratchbox=\box61
\nofMPsegments=\count294
\nofMParguments=\count295
\everyMPshowfont=\toks29
\MPscratchCnt=\count296
\MPscratchDim=\dimen165
\MPnumerator=\count297
\makeMPintoPDFobject=\count298
\everyMPtoPDFconversion=\toks30
) (/usr/share/texlive/texmf-dist/tex/latex/epstopdf-pkg/epstopdf-base.sty
Package: epstopdf-base 2020-01-24 v2.11 Base part for package epstopdf
Package epstopdf-base Info: Redefining graphics rule for `.eps' on input line 485.
 (/usr/share/texlive/texmf-dist/tex/latex/latexconfig/epstopdf-sys.cfg
File: epstopdf-sys.cfg 2010/07/13 v1.3 Configuration of (r)epstopdf for TeX Live
))
Package tocstyle Info: prepare \l@part for redefinition on input line 118.
Package tocstyle Info: prepare \l@chapter for redefinition on input line 118.
Package tocstyle Info: prepare \l@section for redefinition on input line 118.
LaTeX Font Info:    External font `cmex10' loaded for size
(Font)              <12> on input line 118.
LaTeX Font Info:    External font `cmex10' loaded for size
(Font)              <8> on input line 118.
LaTeX Font Info:    External font `cmex10' loaded for size
(Font)              <6> on input line 118.
Package tocstyle Info: prepare \l@subsection for redefinition on input line 118.
Package tocstyle Info: prepare \l@subsubsection for redefinition on input line 118.
Package tocstyle Info: prepare \l@table for redefinition on input line 118.
Package tocstyle Info: prepare \l@figure for redefinition on input line 118.


Package tocstyle Warning: unexpected \@dottedtocline definition!
(tocstyle)                You are either using an unknown LaTeX kernel
(tocstyle)                version, an unknown class or package, that redefines
(tocstyle)                \@dottedtocline, or a \@dottedtocline redefinition
(tocstyle)                at the document preamble.
(tocstyle)                Because of this you may get unexpected results!
(tocstyle)                Maybe it would be better not to use package tocstyle.

Package tocstyle Info: Unexpected definition is:
(tocstyle)             macro:#1#2#3#4#5->\ifnum #1>\c@tocdepth \else \vskip \z@ \@plus .2\p@ {\leftskip #2\relax \rightskip \@tocrmarg \parfillskip -\rightskip \parindent #2\relax \@afterindenttrue \interlinepenalty \@M \leavevmode \@tempdima #3\relax \advance \leftskip \@tempdima \null \nobreak \hskip -\leftskip {#4}\nobreak \leaders \hbox {$\m@th \mkern \@dotsep mu\hbox {.}\mkern \@dotsep mu$}\hfill \nobreak \hb@xt@ \@pnumwidth {\hfil \normalfont \normalcolor #5\kern -\p@ \kern \p@ }\par }\fi  on input line 118.
Package hyperref Info: Link coloring ON on input line 118.
(/usr/share/texlive/texmf-dist/tex/latex/hyperref/nameref.sty
Package: nameref 2021-04-02 v2.47 Cross-referencing by name of section
 (/usr/share/texlive/texmf-dist/tex/latex/refcount/refcount.sty
Package: refcount 2019/12/15 v3.6 Data extraction from label references (HO)
) (/usr/share/texlive/texmf-dist/tex/generic/gettitlestring/gettitlestring.sty
Package: gettitlestring 2019/12/15 v1.6 Cleanup title references (HO)
)
\c@section@level=\count299
)
LaTeX Info: Redefining \ref on input line 118.
LaTeX Info: Redefining \pageref on input line 118.
LaTeX Info: Redefining \nameref on input line 118.
 (./texto.out) (./texto.out)
\@outlinefile=\write3
\openout3 = `texto.out'.


*geometry* driver: auto-detecting
*geometry* detected driver: pdftex
*geometry* verbose mode - [ preamble ] result:
* driver: pdftex
* paper: <default>
* layout: <same size as paper>
* layoutoffset:(h,v)=(0.0pt,0.0pt)
* modes: twoside 
* h-part:(L,W,R)=(85.35826pt, 426.79135pt, 85.35826pt)
* v-part:(T,H,B)=(85.35826pt, 702.78308pt, 56.9055pt)
* \paperwidth=597.50787pt
* \paperheight=845.04684pt
* \textwidth=426.79135pt
* \textheight=702.78308pt
* \oddsidemargin=13.08827pt
* \evensidemargin=13.08827pt
* \topmargin=-27.36447pt
* \headheight=12.0pt
* \headsep=28.45274pt
* \topskip=12.0pt
* \footskip=30.0pt
* \marginparwidth=85.0pt
* \marginparsep=10.0pt
* \columnsep=10.0pt
* \skip\footins=10.8pt plus 4.0pt minus 2.0pt
* \hoffset=0.0pt
* \voffset=0.0pt
* \mag=1000
* \@twocolumnfalse
* \@twosidetrue
* \@mparswitchtrue
* \@reversemarginfalse
* (1in=72.27pt=25.4mm, 1cm=28.453pt)

[1

{/var/lib/texmf/fonts/map/pdftex/updmap/pdftex.map}] [2


]
LaTeX Font Info:    Trying to load font information for T1+phv on input line 130.
 (/usr/share/texlive/texmf-dist/tex/latex/psnfss/t1phv.fd
File: t1phv.fd 2020/03/25 scalable font definitions for T1/phv.
)
LaTeX Font Info:    Font shape `T1/phv/m/it' in size <12> not available
(Font)              Font shape `T1/phv/m/sl' tried instead on input line 130.
 [3

]
Overfull \hbox (4.09998pt too wide) in paragraph at lines 138--141
\T1/ptm/m/n/12 das-das-dasd asas-das-das-dasd as-da-da-dadd-sad-sad sdas-da-dad sa-das-das-dasd sa-das-das-dasd asas-
 []


Overfull \hbox (4.09998pt too wide) in paragraph at lines 147--150
\T1/ptm/m/n/12 das-das-dasd asas-das-das-dasd as-da-da-dadd-sad-sad sdas-da-dad sa-das-das-dasd sa-das-das-dasd asas-
 []

[4

]
Underfull \hbox (badness 10000) in paragraph at lines 160--161

 []

[5

] [6

] [7

] (./texto.lof
number indent by \l@... (lof, 1):  18.0pt
text indent by \l@... (lof, 1):  27.60004pt
number indent by parent (lof, 1):  18.0pt
text indent calculated (lof, 1): 21.0pt
number indent calculated (lof, 1): 18.0pt
text noindent (lof, 1): 21.0pt
number noindent (lof, 1): 0.0pt
number indent by \l@... (lof, 1):  18.0pt
text indent by \l@... (lof, 1):  27.60004pt
number indent by parent (lof, 1):  18.0pt
text indent calculated (lof, 1): 21.0pt
number indent calculated (lof, 1): 18.0pt
text noindent (lof, 1): 21.0pt
number noindent (lof, 1): 0.0pt
number indent by \l@... (lof, 1):  18.0pt
text indent by \l@... (lof, 1):  27.60004pt
number indent by parent (lof, 1):  18.0pt
text indent calculated (lof, 1): 21.0pt
number indent calculated (lof, 1): 18.0pt
text noindent (lof, 1): 21.0pt
number noindent (lof, 1): 0.0pt
number indent by \l@... (lof, 1):  18.0pt
text indent by \l@... (lof, 1):  27.60004pt
number indent by parent (lof, 1):  18.0pt
text indent calculated (lof, 1): 21.0pt
number indent calculated (lof, 1): 18.0pt
text noindent (lof, 1): 21.0pt
number noindent (lof, 1): 0.0pt
number indent by \l@... (lof, 1):  18.0pt
text indent by \l@... (lof, 1):  27.60004pt
number indent by parent (lof, 1):  18.0pt
text indent calculated (lof, 1): 21.0pt
number indent calculated (lof, 1): 18.0pt
text noindent (lof, 1): 21.0pt
number noindent (lof, 1): 0.0pt
number indent by \l@... (lof, 1):  18.0pt
text indent by \l@... (lof, 1):  27.60004pt
number indent by parent (lof, 1):  18.0pt
text indent calculated (lof, 1): 21.0pt
number indent calculated (lof, 1): 18.0pt
text noindent (lof, 1): 21.0pt
number noindent (lof, 1): 0.0pt
number indent by \l@... (lof, 1):  18.0pt
text indent by \l@... (lof, 1):  27.60004pt
number indent by parent (lof, 1):  18.0pt
text indent calculated (lof, 1): 21.0pt
number indent calculated (lof, 1): 18.0pt
text noindent (lof, 1): 21.0pt
number noindent (lof, 1): 0.0pt
number indent by \l@... (lof, 1):  18.0pt
text indent by \l@... (lof, 1):  27.60004pt
number indent by parent (lof, 1):  18.0pt
text indent calculated (lof, 1): 21.0pt
number indent calculated (lof, 1): 18.0pt
text noindent (lof, 1): 21.0pt
number noindent (lof, 1): 0.0pt
number indent by \l@... (lof, 1):  18.0pt
text indent by \l@... (lof, 1):  27.60004pt
number indent by parent (lof, 1):  18.0pt
text indent calculated (lof, 1): 21.0pt
number indent calculated (lof, 1): 18.0pt
text noindent (lof, 1): 21.0pt
number noindent (lof, 1): 0.0pt
number indent by \l@... (lof, 1):  18.0pt
text indent by \l@... (lof, 1):  27.60004pt
number indent by parent (lof, 1):  18.0pt
text indent calculated (lof, 1): 21.0pt
number indent calculated (lof, 1): 18.0pt
text noindent (lof, 1): 21.0pt
number noindent (lof, 1): 0.0pt
)
\tf@lof=\write4
\openout4 = `texto.lof'.

 [8

] (./texto.lot
number indent by \l@... (lot, 1):  18.0pt
text indent by \l@... (lot, 1):  27.60004pt
number indent by parent (lot, 1):  18.0pt
text indent calculated (lot, 1): 21.0pt
number indent calculated (lot, 1): 18.0pt
text noindent (lot, 1): 21.0pt
number noindent (lot, 1): 0.0pt
number indent by \l@... (lot, 1):  18.0pt
text indent by \l@... (lot, 1):  27.60004pt
number indent by parent (lot, 1):  18.0pt
text indent calculated (lot, 1): 21.0pt
number indent calculated (lot, 1): 18.0pt
text noindent (lot, 1): 21.0pt
number noindent (lot, 1): 0.0pt
)
\tf@lot=\write5
\openout5 = `texto.lot'.

 [9

] (./texto.toc
number indent by \l@... (toc, 0):  0.0pt
text indent by \l@... (toc, 0):  18.0pt
number indent by parent (toc, 0):  0.0pt
text indent calculated (toc, 0): 18.0pt
number indent calculated (toc, 0): 0.0pt
text noindent (toc, 0): 39.0pt
number noindent (toc, 0): 0.0pt
number indent by \l@... (toc, 0):  0.0pt
text indent by \l@... (toc, 0):  18.0pt
number indent by parent (toc, 0):  0.0pt
text indent calculated (toc, 0): 18.0pt
number indent calculated (toc, 0): 0.0pt
text noindent (toc, 0): 39.0pt
number noindent (toc, 0): 0.0pt
number indent by \l@... (toc, 1):  18.0pt
text indent by \l@... (toc, 1):  27.60004pt
number indent by parent (toc, 1):  18.0pt
text indent calculated (toc, 1): 21.0pt
number indent calculated (toc, 1): 18.0pt
text noindent (toc, 1): 39.0pt
number noindent (toc, 1): 0.0pt
number indent by \l@... (toc, 1):  18.0pt
text indent by \l@... (toc, 1):  27.60004pt
number indent by parent (toc, 1):  18.0pt
text indent calculated (toc, 1): 21.0pt
number indent calculated (toc, 1): 18.0pt
text noindent (toc, 1): 39.0pt
number noindent (toc, 1): 0.0pt
number indent by \l@... (toc, 2):  45.60004pt
text indent by \l@... (toc, 2):  38.39996pt
number indent by parent (toc, 2):  39.0pt
text indent calculated (toc, 2): 30.0pt
number indent calculated (toc, 2): 39.0pt
text noindent (toc, 2): 39.0pt
number noindent (toc, 2): 0.0pt
number indent by \l@... (toc, 2):  45.60004pt
text indent by \l@... (toc, 2):  38.39996pt
number indent by parent (toc, 2):  39.0pt
text indent calculated (toc, 2): 30.0pt
number indent calculated (toc, 2): 39.0pt
text noindent (toc, 2): 39.0pt
number noindent (toc, 2): 0.0pt
number indent by \l@... (toc, 2):  45.60004pt
text indent by \l@... (toc, 2):  38.39996pt
number indent by parent (toc, 2):  39.0pt
text indent calculated (toc, 2): 30.0pt
number indent calculated (toc, 2): 39.0pt
text noindent (toc, 2): 39.0pt
number noindent (toc, 2): 0.0pt
number indent by \l@... (toc, 3):  84.0pt
text indent by \l@... (toc, 3):  49.20007pt
number indent by parent (toc, 3):  69.0pt
text indent calculated (toc, 3): 39.0pt
number indent calculated (toc, 3): 69.0pt
text noindent (toc, 3): 39.0pt
number noindent (toc, 3): 0.0pt
number indent by \l@... (toc, 3):  84.0pt
text indent by \l@... (toc, 3):  49.20007pt
number indent by parent (toc, 3):  69.0pt
text indent calculated (toc, 3): 39.0pt
number indent calculated (toc, 3): 69.0pt
text noindent (toc, 3): 39.0pt
number noindent (toc, 3): 0.0pt
number indent by \l@... (toc, 3):  84.0pt
text indent by \l@... (toc, 3):  49.20007pt
number indent by parent (toc, 3):  69.0pt
text indent calculated (toc, 3): 39.0pt
number indent calculated (toc, 3): 69.0pt
text noindent (toc, 3): 39.0pt
number noindent (toc, 3): 0.0pt
number indent by \l@... (toc, 1):  18.0pt
text indent by \l@... (toc, 1):  27.60004pt
number indent by parent (toc, 1):  18.0pt
text indent calculated (toc, 1): 21.0pt
number indent calculated (toc, 1): 18.0pt
text noindent (toc, 1): 39.0pt
number noindent (toc, 1): 0.0pt
number indent by \l@... (toc, 1):  18.0pt
text indent by \l@... (toc, 1):  27.60004pt
number indent by parent (toc, 1):  18.0pt
text indent calculated (toc, 1): 21.0pt
number indent calculated (toc, 1): 18.0pt
text noindent (toc, 1): 39.0pt
number noindent (toc, 1): 0.0pt
number indent by \l@... (toc, 1):  18.0pt
text indent by \l@... (toc, 1):  27.60004pt
number indent by parent (toc, 1):  18.0pt
text indent calculated (toc, 1): 21.0pt
number indent calculated (toc, 1): 18.0pt
text noindent (toc, 1): 39.0pt
number noindent (toc, 1): 0.0pt
number indent by \l@... (toc, 0):  0.0pt
text indent by \l@... (toc, 0):  18.0pt
number indent by parent (toc, 0):  0.0pt
text indent calculated (toc, 0): 18.0pt
number indent calculated (toc, 0): 0.0pt
text noindent (toc, 0): 39.0pt
number noindent (toc, 0): 0.0pt
number indent by \l@... (toc, 1):  18.0pt
text indent by \l@... (toc, 1):  27.60004pt
number indent by parent (toc, 1):  18.0pt
text indent calculated (toc, 1): 21.0pt
number indent calculated (toc, 1): 18.0pt
text noindent (toc, 1): 39.0pt
number noindent (toc, 1): 0.0pt
number indent by \l@... (toc, 1):  18.0pt
text indent by \l@... (toc, 1):  27.60004pt
number indent by parent (toc, 1):  18.0pt
text indent calculated (toc, 1): 21.0pt
number indent calculated (toc, 1): 18.0pt
text noindent (toc, 1): 39.0pt
number noindent (toc, 1): 0.0pt
number indent by \l@... (toc, 1):  18.0pt
text indent by \l@... (toc, 1):  27.60004pt
number indent by parent (toc, 1):  18.0pt
text indent calculated (toc, 1): 21.0pt
number indent calculated (toc, 1): 18.0pt
text noindent (toc, 1): 39.0pt
number noindent (toc, 1): 0.0pt
number indent by \l@... (toc, 1):  18.0pt
text indent by \l@... (toc, 1):  27.60004pt
number indent by parent (toc, 1):  18.0pt
text indent calculated (toc, 1): 21.0pt
number indent calculated (toc, 1): 18.0pt
text noindent (toc, 1): 39.0pt
number noindent (toc, 1): 0.0pt
number indent by \l@... (toc, 1):  18.0pt
text indent by \l@... (toc, 1):  27.60004pt
number indent by parent (toc, 1):  18.0pt
text indent calculated (toc, 1): 21.0pt
number indent calculated (toc, 1): 18.0pt
text noindent (toc, 1): 39.0pt
number noindent (toc, 1): 0.0pt
number indent by \l@... (toc, 0):  0.0pt
text indent by \l@... (toc, 0):  18.0pt
number indent by parent (toc, 0):  0.0pt
text indent calculated (toc, 0): 18.0pt
number indent calculated (toc, 0): 0.0pt
text noindent (toc, 0): 39.0pt
number noindent (toc, 0): 0.0pt
number indent by \l@... (toc, 1):  18.0pt
text indent by \l@... (toc, 1):  27.60004pt
number indent by parent (toc, 1):  18.0pt
text indent calculated (toc, 1): 21.0pt
number indent calculated (toc, 1): 18.0pt
text noindent (toc, 1): 39.0pt
number noindent (toc, 1): 0.0pt
number indent by \l@... (toc, 1):  18.0pt
text indent by \l@... (toc, 1):  27.60004pt
number indent by parent (toc, 1):  18.0pt
text indent calculated (toc, 1): 21.0pt
number indent calculated (toc, 1): 18.0pt
text noindent (toc, 1): 39.0pt
number noindent (toc, 1): 0.0pt
number indent by \l@... (toc, 0):  0.0pt
text indent by \l@... (toc, 0):  18.0pt
number indent by parent (toc, 0):  0.0pt
text indent calculated (toc, 0): 18.0pt
number indent calculated (toc, 0): 0.0pt
text noindent (toc, 0): 39.0pt
number noindent (toc, 0): 0.0pt
number indent by \l@... (toc, 1):  18.0pt
text indent by \l@... (toc, 1):  27.60004pt
number indent by parent (toc, 1):  18.0pt
text indent calculated (toc, 1): 21.0pt
number indent calculated (toc, 1): 18.0pt
text noindent (toc, 1): 39.0pt
number noindent (toc, 1): 0.0pt
number indent by \l@... (toc, 1):  18.0pt
text indent by \l@... (toc, 1):  27.60004pt
number indent by parent (toc, 1):  18.0pt
text indent calculated (toc, 1): 21.0pt
number indent calculated (toc, 1): 18.0pt
text noindent (toc, 1): 39.0pt
number noindent (toc, 1): 0.0pt
number indent by \l@... (toc, 0):  0.0pt
text indent by \l@... (toc, 0):  18.0pt
number indent by parent (toc, 0):  0.0pt
text indent calculated (toc, 0): 18.0pt
number indent calculated (toc, 0): 0.0pt
text noindent (toc, 0): 39.0pt
number noindent (toc, 0): 0.0pt
)
\tf@toc=\write6
\openout6 = `texto.toc'.

 [10

]

LaTeX Warning: Citation `prf-dados-abertos:2024' on page 11 undefined on input line 210.

[11

]
LaTeX Font Info:    Trying to load font information for TS1+ptm on input line 235.
 (/usr/share/texlive/texmf-dist/tex/latex/psnfss/ts1ptm.fd
File: ts1ptm.fd 2001/06/04 font definitions for TS1/ptm.
)
Underfull \vbox (badness 10000) has occurred while \output is active []


Underfull \hbox (badness 10000) has occurred while \output is active
\T1/ptm/m/n/10.95 12
 []

[12

]
<figuras/cap-02/tcc-cap02-dados-abertos-prf.png, id=253, 1192.455pt x 885.3075pt>
File: figuras/cap-02/tcc-cap02-dados-abertos-prf.png Graphic file (type png)
<use figuras/cap-02/tcc-cap02-dados-abertos-prf.png>
Package pdftex.def Info: figuras/cap-02/tcc-cap02-dados-abertos-prf.png  used on input line 239.
(pdftex.def)             Requested size: 384.1096pt x 285.16838pt.
<figuras/cap-02/tcc-cap02-arquivos-csv.png, id=254, 1042.89626pt x 734.745pt>
File: figuras/cap-02/tcc-cap02-arquivos-csv.png Graphic file (type png)
<use figuras/cap-02/tcc-cap02-arquivos-csv.png>
Package pdftex.def Info: figuras/cap-02/tcc-cap02-arquivos-csv.png  used on input line 250.
(pdftex.def)             Requested size: 384.1096pt x 270.61815pt.


LaTeX Warning: `h' float specifier changed to `ht'.


Underfull \hbox (badness 10000) in paragraph at lines 285--285
[]|\T1/ptm/m/n/12 Identificação da
 []


Underfull \hbox (badness 10000) in paragraph at lines 286--286
[]|\T1/ptm/m/n/12 Data no for-
 []


Underfull \hbox (badness 10000) in paragraph at lines 286--286
\T1/ptm/m/n/12 mato in-verso
 []


Underfull \hbox (badness 10000) in paragraph at lines 287--288
[]|\T1/ptm/m/n/12 Domingo,
 []


Underfull \hbox (badness 10000) in paragraph at lines 287--288
\T1/ptm/m/n/12 Segunda-feira,...,
 []


Underfull \hbox (badness 7777) in paragraph at lines 288--288
\T1/ptm/m/n/12 cia no for-mato
 []


Underfull \hbox (badness 4366) in paragraph at lines 291--291
[]|\T1/ptm/m/n/12 Km da BR no
 []


Underfull \hbox (badness 10000) in paragraph at lines 292--292
[]|\T1/ptm/m/n/12 Município no
 []


Underfull \hbox (badness 5403) in paragraph at lines 293--293
[]|\T1/ptm/m/n/12 Causa da ocor-
 []


Underfull \hbox (badness 10000) in paragraph at lines 293--294
[]|\T1/ptm/m/n/12 Ultrapassagem
 []


Underfull \hbox (badness 10000) in paragraph at lines 295--295
[]|\T1/ptm/m/n/12 Classificacao
 []


Underfull \hbox (badness 7832) in paragraph at lines 295--295
[]|\T1/ptm/m/n/12 Classificação da
 []


Underfull \hbox (badness 2875) in paragraph at lines 296--296
[]|\T1/ptm/m/n/12 Fase do dia da
 []


Underfull \hbox (badness 10000) in paragraph at lines 297--297
\T1/ptm/m/n/12 qual ocor-reu a
 []


Underfull \hbox (badness 2635) in paragraph at lines 297--298
[]|\T1/ptm/m/n/12 Crescente / De-
 []


Underfull \hbox (badness 7832) in paragraph at lines 298--298
[]|\T1/ptm/m/n/12 Condicao Me-te-
 []


Underfull \hbox (badness 4120) in paragraph at lines 300--301
[]|\T1/ptm/m/n/12 Reta / Curva /
 []


Underfull \hbox (badness 10000) in paragraph at lines 302--302
[]|\T1/ptm/m/n/12 Quantidade de
 []


Underfull \hbox (badness 4531) in paragraph at lines 302--302
\T1/ptm/m/n/12 pes-soas en-vol-vi-
 []


Underfull \hbox (badness 10000) in paragraph at lines 303--303
[]|\T1/ptm/m/n/12 Quantidade de
 []


Underfull \hbox (badness 10000) in paragraph at lines 303--303
\T1/ptm/m/n/12 mor-tos en-vol-vi-
 []


Underfull \hbox (badness 1629) in paragraph at lines 305--305
\T1/ptm/m/n/12 ri-dos gra-ves en-
 []


Underfull \hbox (badness 10000) in paragraph at lines 306--306
[]|\T1/ptm/m/n/12 Quantidade de
 []


Underfull \hbox (badness 10000) in paragraph at lines 307--307
[]|\T1/ptm/m/n/12 Quantidade de
 []


Underfull \hbox (badness 7832) in paragraph at lines 307--307
\T1/ptm/m/n/12 pes-soas ig-ni-o-ra-
 []


Underfull \hbox (badness 10000) in paragraph at lines 308--308
[]|\T1/ptm/m/n/12 Quantidade de
 []


Underfull \hbox (badness 10000) in paragraph at lines 308--308
\T1/ptm/m/n/12 pes-soas fe-ri-das
 []


Underfull \hbox (badness 10000) in paragraph at lines 309--309
[]|\T1/ptm/m/n/12 Quantidade de
 []


Underfull \hbox (badness 10000) in paragraph at lines 313--313
[]|\T1/ptm/m/n/12 Delegacia da
 []


Underfull \hbox (badness 10000) in paragraph at lines 314--315
[]|\T1/ptm/m/n/12 UOP02-DEL03-
 []

[13 <./figuras/cap-02/tcc-cap02-dados-abertos-prf.png>]
Underfull \hbox (badness 10000) has occurred while \output is active
\T1/ptm/m/n/10.95 14
 []

[14 <./figuras/cap-02/tcc-cap02-arquivos-csv.png>] [15]
Underfull \hbox (badness 10000) has occurred while \output is active
\T1/ptm/m/n/10.95 16
 []

[16]
Underfull \hbox (badness 10000) in paragraph at lines 347--347
[]|\T1/ptm/m/n/12 Identificação da
 []


Underfull \hbox (badness 10000) in paragraph at lines 348--348
[]|\T1/ptm/m/n/12 Identificação da
 []


Underfull \hbox (badness 10000) in paragraph at lines 349--349
[]|\T1/ptm/m/n/12 Data no for-
 []


Underfull \hbox (badness 10000) in paragraph at lines 349--349
\T1/ptm/m/n/12 mato in-verso
 []


Underfull \hbox (badness 10000) in paragraph at lines 350--351
[]|\T1/ptm/m/n/12 Domingo,
 []


Underfull \hbox (badness 10000) in paragraph at lines 350--351
\T1/ptm/m/n/12 Segunda-feira,...,
 []


Underfull \hbox (badness 7777) in paragraph at lines 351--351
\T1/ptm/m/n/12 cia no for-mato
 []


Underfull \hbox (badness 4366) in paragraph at lines 354--354
[]|\T1/ptm/m/n/12 Km da BR no
 []


Underfull \hbox (badness 10000) in paragraph at lines 355--355
[]|\T1/ptm/m/n/12 Município no
 []


Underfull \hbox (badness 5403) in paragraph at lines 356--356
[]|\T1/ptm/m/n/12 Causa da ocor-
 []


Underfull \hbox (badness 10000) in paragraph at lines 356--357
[]|\T1/ptm/m/n/12 Ultrapassagem
 []


Underfull \hbox (badness 10000) in paragraph at lines 358--358
[]|\T1/ptm/m/n/12 Classificacao
 []


Underfull \hbox (badness 7832) in paragraph at lines 358--358
[]|\T1/ptm/m/n/12 Classificação da
 []


Underfull \hbox (badness 2875) in paragraph at lines 359--359
[]|\T1/ptm/m/n/12 Fase do dia da
 []


Underfull \hbox (badness 10000) in paragraph at lines 360--360
\T1/ptm/m/n/12 qual ocor-reu a
 []


Underfull \hbox (badness 2635) in paragraph at lines 360--361
[]|\T1/ptm/m/n/12 Crescente / De-
 []


Underfull \hbox (badness 7832) in paragraph at lines 361--361
[]|\T1/ptm/m/n/12 Condicao Me-te-
 []


Underfull \hbox (badness 4120) in paragraph at lines 363--364
[]|\T1/ptm/m/n/12 Reta / Curva /
 []


Underfull \hbox (badness 10000) in paragraph at lines 365--365
[]|\T1/ptm/m/n/12 Identificação
 []


Underfull \hbox (badness 10000) in paragraph at lines 365--365
\T1/ptm/m/n/12 do veí-culo da
 []


Underfull \hbox (badness 2111) in paragraph at lines 366--366
[]|\T1/ptm/m/n/12 Tipo do veí-culo
 []


Underfull \hbox (badness 10000) in paragraph at lines 367--368
[]|\T1/ptm/m/n/12 SCANIA/P 310
 []


Underfull \hbox (badness 10000) in paragraph at lines 368--368
[]|\T1/ptm/m/n/12 ano fa-bri-ca-cao
 []


Underfull \hbox (badness 2253) in paragraph at lines 368--368
[]|\T1/ptm/m/n/12 Ano de fa-bri-ca-
 []


Underfull \hbox (badness 4886) in paragraph at lines 369--369
[]|\T1/ptm/m/n/12 Tipo do En-vol-
 []


Underfull \hbox (badness 10000) in paragraph at lines 370--370
[]|\T1/ptm/m/n/12 Estado fí-sico
 []


Underfull \hbox (badness 1430) in paragraph at lines 370--370
\T1/ptm/m/n/12 do en-vol-vido na
 []


Underfull \hbox (badness 6559) in paragraph at lines 370--371
[]|\T1/ptm/m/n/12 Lesões Le-ves /
 []


Underfull \hbox (badness 2671) in paragraph at lines 371--371
[]|\T1/ptm/m/n/12 Idade do en-vol-
 []


Underfull \hbox (badness 5374) in paragraph at lines 372--372
[]|\T1/ptm/m/n/12 Sexo do en-vol-
 []


Underfull \hbox (badness 3746) in paragraph at lines 375--375
\T1/ptm/m/n/12 gra-ves da ocor-
 []


Underfull \hbox (badness 10000) in paragraph at lines 378--378
[]|\T1/ptm/m/n/12 Longitude da
 []


Underfull \hbox (badness 10000) in paragraph at lines 380--380
[]|\T1/ptm/m/n/12 Delegacia da
 []


Underfull \hbox (badness 10000) in paragraph at lines 381--382
[]|\T1/ptm/m/n/12 UOP02-DEL01-
 []

[17]
Underfull \hbox (badness 10000) has occurred while \output is active
\T1/ptm/m/n/10.95 18
 []

[18] [19]
<figuras/cap-02/tcc-cap02-vega-altair.png, id=295, 1391.1975pt x 306.14375pt>
File: figuras/cap-02/tcc-cap02-vega-altair.png Graphic file (type png)
<use figuras/cap-02/tcc-cap02-vega-altair.png>
Package pdftex.def Info: figuras/cap-02/tcc-cap02-vega-altair.png  used on input line 397.
(pdftex.def)             Requested size: 384.1096pt x 84.52379pt.

Underfull \vbox (badness 10000) has occurred while \output is active []


Underfull \hbox (badness 10000) has occurred while \output is active
\T1/ptm/m/n/10.95 20
 []

[20 <./figuras/cap-02/tcc-cap02-vega-altair.png>]
<figuras/cap-02/tcc-cap02-streamlit.png, id=302, 1258.7025pt x 839.135pt>
File: figuras/cap-02/tcc-cap02-streamlit.png Graphic file (type png)
<use figuras/cap-02/tcc-cap02-streamlit.png>
Package pdftex.def Info: figuras/cap-02/tcc-cap02-streamlit.png  used on input line 409.
(pdftex.def)             Requested size: 384.1096pt x 256.07024pt.
 [21 <./figuras/cap-02/tcc-cap02-streamlit.png>]
Overfull \hbox (102.78238pt too wide) in paragraph at lines 440--441
\T1/ptm/m/n/12 pai-nel. A ver-são fi-nal do pai-nel encontra-se dis-po-ní-vel na se-guinte url [][]$<[]https : / / painel-[]acidentes-[]rodovias-[]brasil .
 []

<figuras/cap-02/tcc-cap02-painel-tela-inicial.png, id=310, 990.70125pt x 811.03pt>
File: figuras/cap-02/tcc-cap02-painel-tela-inicial.png Graphic file (type png)
<use figuras/cap-02/tcc-cap02-painel-tela-inicial.png>
Package pdftex.def Info: figuras/cap-02/tcc-cap02-painel-tela-inicial.png  used on input line 444.
(pdftex.def)             Requested size: 384.1096pt x 314.44412pt.

LaTeX Warning: `h' float specifier changed to `ht'.


Underfull \hbox (badness 10000) has occurred while \output is active
\T1/ptm/m/n/10.95 22
 []

[22] [23 <./figuras/cap-02/tcc-cap02-painel-tela-inicial.png>]
Underfull \vbox (badness 10000) has occurred while \output is active []


Underfull \hbox (badness 10000) has occurred while \output is active
\T1/ptm/m/n/10.95 24
 []

[24

]
<figuras/cap-03/cap03-acidentes-criterios-por-uf.png, id=328, 739.76375pt x 617.30624pt>
File: figuras/cap-03/cap03-acidentes-criterios-por-uf.png Graphic file (type png)
<use figuras/cap-03/cap03-acidentes-criterios-por-uf.png>
Package pdftex.def Info: figuras/cap-03/cap03-acidentes-criterios-por-uf.png  used on input line 495.
(pdftex.def)             Requested size: 384.1096pt x 320.53012pt.
<figuras/cap-03/cap03-acidentes-criterios-br.png, id=329, 727.71875pt x 618.31pt>
File: figuras/cap-03/cap03-acidentes-criterios-br.png Graphic file (type png)
<use figuras/cap-03/cap03-acidentes-criterios-br.png>
Package pdftex.def Info: figuras/cap-03/cap03-acidentes-criterios-br.png  used on input line 501.
(pdftex.def)             Requested size: 384.1096pt x 326.37245pt.


LaTeX Warning: `h' float specifier changed to `ht'.

[25 <./figuras/cap-03/cap03-acidentes-criterios-por-uf.png>]
<figuras/cap-03/cap03-ranking-uf.png, id=335, 881.2925pt x 781.92125pt>
File: figuras/cap-03/cap03-ranking-uf.png Graphic file (type png)
<use figuras/cap-03/cap03-ranking-uf.png>
Package pdftex.def Info: figuras/cap-03/cap03-ranking-uf.png  used on input line 529.
(pdftex.def)             Requested size: 384.1096pt x 340.80115pt.

Underfull \hbox (badness 10000) has occurred while \output is active
\T1/ptm/m/n/10.95 26
 []

[26 <./figuras/cap-03/cap03-acidentes-criterios-br.png>] [27 <./figuras/cap-03/cap03-ranking-uf.png>]
Underfull \vbox (badness 10000) has occurred while \output is active []


Underfull \hbox (badness 10000) has occurred while \output is active
\T1/ptm/m/n/10.95 28
 []

[28]
<figuras/cap-03/cap03-filtro-ano.png, id=348, 298.11375pt x 397.485pt>
File: figuras/cap-03/cap03-filtro-ano.png Graphic file (type png)
<use figuras/cap-03/cap03-filtro-ano.png>
Package pdftex.def Info: figuras/cap-03/cap03-filtro-ano.png  used on input line 603.
(pdftex.def)             Requested size: 213.39568pt x 284.52713pt.

Overfull \hbox (4.09998pt too wide) in paragraph at lines 611--613
\T1/ptm/m/n/12 das-das-dasd asas-das-das-dasd as-da-da-dadd-sad-sad sdas-da-dad sa-das-das-dasd sa-das-das-dasd asas-
 []

[29 <./figuras/cap-03/cap03-filtro-ano.png>]
Overfull \hbox (4.09998pt too wide) in paragraph at lines 616--618
\T1/ptm/m/n/12 das-das-dasd asas-das-das-dasd as-da-da-dadd-sad-sad sdas-da-dad sa-das-das-dasd sa-das-das-dasd asas-
 []


Overfull \hbox (4.09998pt too wide) in paragraph at lines 621--623
\T1/ptm/m/n/12 das-das-dasd asas-das-das-dasd as-da-da-dadd-sad-sad sdas-da-dad sa-das-das-dasd sa-das-das-dasd asas-
 []


Underfull \vbox (badness 10000) has occurred while \output is active []


Underfull \hbox (badness 10000) has occurred while \output is active
\T1/ptm/m/n/10.95 30
 []

[30]
Overfull \hbox (4.09998pt too wide) in paragraph at lines 626--628
\T1/ptm/m/n/12 das-das-dasd asas-das-das-dasd as-da-da-dadd-sad-sad sdas-da-dad sa-das-das-dasd sa-das-das-dasd asas-
 []

[31]
Overfull \hbox (4.09998pt too wide) in paragraph at lines 633--635
\T1/ptm/m/n/12 das-das-dasd asas-das-das-dasd as-da-da-dadd-sad-sad sdas-da-dad sa-das-das-dasd sa-das-das-dasd asas-
 []


Overfull \hbox (4.09998pt too wide) in paragraph at lines 636--638
\T1/ptm/m/n/12 das-das-dasd asas-das-das-dasd as-da-da-dadd-sad-sad sdas-da-dad sa-das-das-dasd sa-das-das-dasd asas-
 []


Overfull \hbox (4.09998pt too wide) in paragraph at lines 639--641
\T1/ptm/m/n/12 das-das-dasd asas-das-das-dasd as-da-da-dadd-sad-sad sdas-da-dad sa-das-das-dasd sa-das-das-dasd asas-
 []


Underfull \vbox (badness 10000) has occurred while \output is active []


Underfull \hbox (badness 10000) has occurred while \output is active
\T1/ptm/m/n/10.95 32
 []

[32

]
Overfull \hbox (4.09998pt too wide) in paragraph at lines 644--646
\T1/ptm/m/n/12 das-das-dasd asas-das-das-dasd as-da-da-dadd-sad-sad sdas-da-dad sa-das-das-dasd sa-das-das-dasd asas-
 []

<fig.pdf, id=366, 200.75pt x 216.81pt>
File: fig.pdf Graphic file (type pdf)
<use fig.pdf>
Package pdftex.def Info: fig.pdf  used on input line 654.
(pdftex.def)             Requested size: 213.39568pt x 230.48245pt.

LaTeX Warning: `h' float specifier changed to `ht'.


Overfull \hbox (4.09998pt too wide) in paragraph at lines 660--662
\T1/ptm/m/n/12 das-das-dasd asas-das-das-dasd as-da-da-dadd-sad-sad sdas-da-dad sa-das-das-dasd sa-das-das-dasd asas-
 []


Underfull \vbox (badness 10000) has occurred while \output is active []

 [33]
Overfull \hbox (4.09998pt too wide) in paragraph at lines 663--665
\T1/ptm/m/n/12 das-das-dasd asas-das-das-dasd as-da-da-dadd-sad-sad sdas-da-dad sa-das-das-dasd sa-das-das-dasd asas-
 []


Underfull \vbox (badness 2088) has occurred while \output is active []


Underfull \hbox (badness 10000) has occurred while \output is active
\T1/ptm/m/n/10.95 34
 []

[34 <./fig.pdf>] [35]
Overfull \hbox (4.09998pt too wide) in paragraph at lines 670--672
\T1/ptm/m/n/12 das-das-dasd asas-das-das-dasd as-da-da-dadd-sad-sad sdas-da-dad sa-das-das-dasd sa-das-das-dasd asas-
 []


Overfull \hbox (4.09998pt too wide) in paragraph at lines 673--675
\T1/ptm/m/n/12 das-das-dasd asas-das-das-dasd as-da-da-dadd-sad-sad sdas-da-dad sa-das-das-dasd sa-das-das-dasd asas-
 []


Overfull \hbox (4.09998pt too wide) in paragraph at lines 678--680
\T1/ptm/m/n/12 das-das-dasd asas-das-das-dasd as-da-da-dadd-sad-sad sdas-da-dad sa-das-das-dasd sa-das-das-dasd asas-
 []


Underfull \vbox (badness 10000) has occurred while \output is active []


Underfull \hbox (badness 10000) has occurred while \output is active
\T1/ptm/m/n/10.95 36
 []

[36

] (./texto.bbl [37]

LaTeX Warning: Empty `thebibliography' environment on input line 8.

) 
AED: lastpage setting LastPage

Underfull \hbox (badness 10000) has occurred while \output is active
\T1/ptm/m/n/10.95 38
 []

[38

] (./texto.aux)

LaTeX Warning: There were undefined references.


LaTeX Warning: There were multiply-defined labels.

Package rerunfilecheck Info: File `texto.out' has not changed.
(rerunfilecheck)             Checksum: 29A971971A5709096AB8B1BF45E28CEC;6205.
 ) 
Here is how much of TeX's memory you used:
 13175 strings out of 478287
 210958 string characters out of 5849289
 583523 words of memory out of 5000000
 31020 multiletter control sequences out of 15000+600000
 506112 words of font info for 60 fonts, out of 8000000 for 9000
 1141 hyphenation exceptions out of 8191
 85i,7n,91p,985b,516s stack positions out of 5000i,500n,10000p,200000b,80000s
{/usr/share/texlive/texmf-dist/fonts/enc/dvips/base/8r.enc}</usr/share/texlive/texmf-dist/fonts/type1/public/amsfonts/cm/cmsy10.pfb></usr/share/texlive/texmf-dist/fonts/type1/urw/helvetic/uhvro8a.pfb></usr/share/texlive/texmf-dist/fonts/type1/urw/times/utmb8a.pfb></usr/share/texlive/texmf-dist/fonts/type1/urw/times/utmbi8a.pfb></usr/share/texlive/texmf-dist/fonts/type1/urw/times/utmr8a.pfb></usr/share/texlive/texmf-dist/fonts/type1/urw/times/utmri8a.pfb>
Output written on texto.pdf (38 pages, 960670 bytes).
PDF statistics:
 450 PDF objects out of 1000 (max. 8388607)
 383 compressed objects within 4 object streams
 92 named destinations out of 1000 (max. 500000)
 315 words of extra memory for PDF output out of 10000 (max. 10000000)

